<?xml version="1.0" encoding="UTF-8"?>
<!-- Generated by org.testng.reporters.JUnitReportReporter -->
<testsuite hostname="christina" failures="0" tests="1" name="TestCases.TC03_TermDeposit" time="209.296" errors="0" timestamp="2025-10-10T16:30:19 IST" skipped="0">
  <testcase classname="TestCases.TC03_TermDeposit" name="runTestSuiteInOrder" time="209.296"/>
</testsuite> <!-- TestCases.TC03_TermDeposit -->
