<?xml version="1.0" encoding="UTF-8"?>
<!-- Generated by org.testng.reporters.JUnitReportReporter -->
<testsuite hostname="christina" failures="0" tests="1" name="Loan.LoanAccountOpening" time="78.408" errors="0" timestamp="2025-10-10T10:23:43 IST" skipped="0">
  <testcase classname="Loan.LoanAccountOpening" name="CreateLoan" time="78.408"/>
</testsuite> <!-- Loan.LoanAccountOpening -->
