<?xml version="1.0" encoding="UTF-8"?>
<!-- Generated by org.testng.reporters.JUnitReportReporter -->
<testsuite hostname="christina" failures="0" tests="1" name="NegativeTestCase.CreateLoanUsingSuspendCIFID" time="25.895" errors="0" timestamp="2025-10-07T16:06:54 IST" skipped="0">
  <testcase classname="NegativeTestCase.CreateLoanUsingSuspendCIFID" name="CreateLoan" time="25.895"/>
</testsuite> <!-- NegativeTestCase.CreateLoanUsingSuspendCIFID -->
