<?xml version="1.0" encoding="UTF-8"?>
<!-- Generated by org.testng.reporters.JUnitReportReporter -->
<testsuite hostname="christina" failures="0" tests="1" name="TermDeposit.OpeningTermDepositAccount" time="88.980" errors="0" timestamp="2025-10-07T12:52:18 IST" skipped="0">
  <testcase classname="TermDeposit.OpeningTermDepositAccount" name="createTDAccount" time="88.980"/>
</testsuite> <!-- TermDeposit.OpeningTermDepositAccount -->
