<?xml version="1.0" encoding="UTF-8"?>
<!-- Generated by org.testng.reporters.JUnitReportReporter -->
<testsuite hostname="christina" failures="0" tests="1" name="Loan.LoanDisbustment" time="85.714" errors="0" timestamp="2025-10-10T10:30:55 IST" skipped="0">
  <testcase classname="Loan.LoanDisbustment" name="VerifyLoanAccount" time="85.714"/>
</testsuite> <!-- Loan.LoanDisbustment -->
