<?xml version="1.0" encoding="UTF-8"?>
<!-- Generated by org.testng.reporters.JUnitReportReporter -->
<testsuite hostname="christina" failures="0" tests="1" name="OD.ModificationOfODAftersVerification" time="19.987" errors="0" timestamp="2025-10-06T15:14:21 IST" skipped="0">
  <testcase classname="OD.ModificationOfODAftersVerification" name="VerifyLoanAccount" time="19.987"/>
</testsuite> <!-- OD.ModificationOfODAftersVerification -->
