<?xml version="1.0" encoding="UTF-8"?>
<!-- Generated by org.testng.reporters.JUnitReportReporter -->
<testsuite hostname="christina" failures="0" tests="1" name="CashCreditAccount.VerifyCashCreditAccount" time="132.075" errors="0" timestamp="2025-10-06T18:02:35 IST" skipped="0">
  <testcase classname="CashCreditAccount.VerifyCashCreditAccount" name="createTDAccount" time="132.075"/>
</testsuite> <!-- CashCreditAccount.VerifyCashCreditAccount -->
