<?xml version="1.0" encoding="UTF-8"?>
<!-- Generated by org.testng.reporters.JUnitReportReporter -->
<testsuite hostname="christina" failures="0" tests="1" name="NegativeTestCase.PrintPasssheetforMigratedCASAaccounts" time="10.698" errors="0" timestamp="2025-10-07T17:10:29 IST" skipped="0">
  <testcase classname="NegativeTestCase.PrintPasssheetforMigratedCASAaccounts" name="CreateLoan" time="10.698"/>
</testsuite> <!-- NegativeTestCase.PrintPasssheetforMigratedCASAaccounts -->
