<?xml version="1.0" encoding="UTF-8"?>
<!-- Generated by org.testng.reporters.JUnitReportReporter -->
<testsuite hostname="christina" failures="0" tests="1" name="NegativeTestCase.AddcollateralforLA" time="73.944" errors="0" timestamp="2025-10-10T11:12:57 IST" skipped="0">
  <testcase classname="NegativeTestCase.AddcollateralforLA" name="CreateLoan" time="73.944"/>
</testsuite> <!-- NegativeTestCase.AddcollateralforLA -->
