<?xml version="1.0" encoding="UTF-8"?>
<!-- Generated by org.testng.reporters.JUnitReportReporter -->
<testsuite hostname="christina" failures="0" tests="1" name="TestCases.TC01_CreateSavingsAccountWith5000amtAndClosetheAccount" time="48.481" errors="0" timestamp="2025-10-21T15:49:43 IST" skipped="0">
  <testcase classname="TestCases.TC01_CreateSavingsAccountWith5000amtAndClosetheAccount" name="runTest" time="48.481"/>
  <system-out>
    <![CDATA[Excel file loaded: D:\parallelsetup\Loan/resources/LoanLoan.xlsx]]>
  </system-out>
</testsuite> <!-- TestCases.TC01_CreateSavingsAccountWith5000amtAndClosetheAccount -->
