<?xml version="1.0" encoding="UTF-8"?>
<!-- Generated by org.testng.reporters.JUnitReportReporter -->
<testsuite hostname="christina" failures="0" tests="1" name="stafandnoncustomer.Loan.AppTest" time="0.005" errors="0" timestamp="2025-08-12T14:55:37 IST" skipped="0">
  <testcase classname="stafandnoncustomer.Loan.AppTest" name="sampleTest" time="0.005"/>
</testsuite> <!-- stafandnoncustomer.Loan.AppTest -->
