<?xml version="1.0" encoding="UTF-8"?>
<!-- Generated by org.testng.reporters.JUnitReportReporter -->
<testsuite hostname="christina" failures="0" tests="1" name="Positive.CashDepositToTDAccount" time="34.226" errors="0" timestamp="2025-10-17T15:35:06 IST" skipped="0">
  <testcase classname="Positive.CashDepositToTDAccount" name="FUNDING" time="34.226"/>
</testsuite> <!-- Positive.CashDepositToTDAccount -->
