<?xml version="1.0" encoding="UTF-8"?>
<!-- Generated by org.testng.reporters.JUnitReportReporter -->
<testsuite hostname="christina" failures="0" tests="1" name="TestCases1.Tc06_Closetheaccountwithzerobalance" time="126.144" errors="0" timestamp="2025-10-17T11:17:28 IST" skipped="0">
  <testcase classname="TestCases1.Tc06_Closetheaccountwithzerobalance" name="runTestSuiteInOrder" time="126.144"/>
</testsuite> <!-- TestCases1.Tc06_Closetheaccountwithzerobalance -->
