<?xml version="1.0" encoding="UTF-8"?>
<!-- Generated by org.testng.reporters.JUnitReportReporter -->
<testsuite hostname="christina" failures="0" tests="1" name="NegativeTestCase.Testscheduledpaymentofmigratedaccounts" time="28.056" errors="0" timestamp="2025-10-09T12:21:44 IST" skipped="0">
  <testcase classname="NegativeTestCase.Testscheduledpaymentofmigratedaccounts" name="CreateLoan" time="28.056"/>
</testsuite> <!-- NegativeTestCase.Testscheduledpaymentofmigratedaccounts -->
