<?xml version="1.0" encoding="UTF-8"?>
<!-- Generated by org.testng.reporters.JUnitReportReporter -->
<testsuite hostname="christina" failures="0" tests="1" name="Positive.VerifyCancel$Closetheaccountwithzerobalance" time="41.928" errors="0" timestamp="2025-10-17T11:17:28 IST" skipped="0">
  <testcase classname="Positive.VerifyCancel$Closetheaccountwithzerobalance" name="closing" time="41.928"/>
</testsuite> <!-- Positive.VerifyCancel$Closetheaccountwithzerobalance -->
