<?xml version="1.0" encoding="UTF-8"?>
<!-- Generated by org.testng.reporters.JUnitReportReporter -->
<testsuite hostname="christina" failures="0" tests="1" name="TestCases.TC04_ODAccount" time="118.898" errors="0" timestamp="2025-10-06T15:21:12 IST" skipped="0">
  <testcase classname="TestCases.TC04_ODAccount" name="runTestSuiteInOrder" time="118.898"/>
</testsuite> <!-- TestCases.TC04_ODAccount -->
