<?xml version="1.0" encoding="UTF-8"?>
<!-- Generated by org.testng.reporters.JUnitReportReporter -->
<testsuite hostname="christina" failures="0" tests="1" name="Loan.Loanverification" time="101.162" errors="0" timestamp="2025-10-09T16:07:47 IST" skipped="0">
  <testcase classname="Loan.Loanverification" name="VerifyLoanAccount" time="101.162"/>
</testsuite> <!-- Loan.Loanverification -->
