<?xml version="1.0" encoding="UTF-8"?>
<!-- Generated by org.testng.reporters.JUnitReportReporter -->
<testsuite hostname="christina" failures="0" tests="1" name="TestCases1.TC20_InquireAndCanclseMTDSE" time="100.791" errors="0" timestamp="2025-10-19T11:39:23 IST" skipped="0">
  <testcase classname="TestCases1.TC20_InquireAndCanclseMTDSE" name="runTestSuiteInOrder" time="100.791"/>
</testsuite> <!-- TestCases1.TC20_InquireAndCanclseMTDSE -->
