<?xml version="1.0" encoding="UTF-8"?>
<!-- Generated by org.testng.reporters.JUnitReportReporter -->
<testsuite hostname="christina" failures="0" tests="1" name="Loan.VerifyDisburstment" time="46.489" errors="0" timestamp="2025-10-09T18:35:01 IST" skipped="0">
  <testcase classname="Loan.VerifyDisburstment" name="VerifyLoanAccount" time="46.489"/>
</testsuite> <!-- Loan.VerifyDisburstment -->
