<?xml version="1.0" encoding="UTF-8"?>
<!-- Generated by org.testng.reporters.JUnitReportReporter -->
<testsuite hostname="christina" failures="0" tests="1" name="TestCases1.TC01_CreateSavingsAccountWith5000AmtAndCloseTheAccount" time="297.349" errors="0" timestamp="2025-10-17T12:07:30 IST" skipped="0">
  <testcase classname="TestCases1.TC01_CreateSavingsAccountWith5000AmtAndCloseTheAccount" name="runTestSuiteInOrder" time="297.349"/>
</testsuite> <!-- TestCases1.TC01_CreateSavingsAccountWith5000AmtAndCloseTheAccount -->
