<?xml version="1.0" encoding="UTF-8"?>
<!-- Generated by org.testng.reporters.JUnitReportReporter -->
<testsuite hostname="christina" failures="0" tests="1" name="NegativeTestCase.VerifyLAColletralAccounts" time="97.851" errors="0" timestamp="2025-10-08T17:58:43 IST" skipped="0">
  <testcase classname="NegativeTestCase.VerifyLAColletralAccounts" name="VerifyLoanAccount" time="97.851"/>
</testsuite> <!-- NegativeTestCase.VerifyLAColletralAccounts -->
