<?xml version="1.0" encoding="UTF-8"?>
<!-- Generated by org.testng.reporters.JUnitReportReporter -->
<testsuite hostname="christina" failures="0" tests="1" name="TestCases.TC01_NegativeTestCases" time="290.945" errors="0" timestamp="2025-10-14T14:59:28 IST" skipped="0">
  <testcase classname="TestCases.TC01_NegativeTestCases" name="runTestSuiteInOrder" time="290.945"/>
</testsuite> <!-- TestCases.TC01_NegativeTestCases -->
