<?xml version="1.0" encoding="UTF-8"?>
<!-- Generated by org.testng.reporters.JUnitReportReporter -->
<testsuite hostname="christina" failures="0" tests="1" name="OD.CreateODAccount" time="50.726" errors="0" timestamp="2025-10-10T11:28:44 IST" skipped="0">
  <testcase classname="OD.CreateODAccount" name="createTDAccount" time="50.726"/>
</testsuite> <!-- OD.CreateODAccount -->
