<?xml version="1.0" encoding="UTF-8"?>
<!-- Generated by org.testng.reporters.JUnitReportReporter -->
<testsuite hostname="christina" failures="0" tests="1" name="CashCreditAccount.ModifyCashCreditAccountAfterVerification" time="23.118" errors="0" timestamp="2025-10-06T17:57:22 IST" skipped="0">
  <testcase classname="CashCreditAccount.ModifyCashCreditAccountAfterVerification" name="createTDAccount" time="23.118"/>
</testsuite> <!-- CashCreditAccount.ModifyCashCreditAccountAfterVerification -->
