<?xml version="1.0" encoding="UTF-8"?>
<!-- Generated by org.testng.reporters.JUnitReportReporter -->
<testsuite hostname="christina" failures="0" tests="1" name="OD.CloseOD" time="25.946" errors="0" timestamp="2025-10-10T11:29:39 IST" skipped="0">
  <testcase classname="OD.CloseOD" name="VerifyLoanAccount" time="25.946"/>
</testsuite> <!-- OD.CloseOD -->
