<?xml version="1.0" encoding="UTF-8"?>
<!-- Generated by org.testng.reporters.JUnitReportReporter -->
<testsuite hostname="christina" failures="0" tests="1" name="CRM.CreateCorporateCIFID" time="1.958" errors="1" timestamp="2025-09-30T11:17:13 IST" skipped="0">
  <testcase classname="CRM.CreateCorporateCIFID" name="createCustomerID" time="1.958">
    <error message="
[public void CRM.CreateCorporateCIFID.createCustomerID(java.lang.String[]) throws java.lang.Exception] has no parameters defined but was found to be using a data provider (either explicitly specified or inherited from class level annotation).
Data provider mismatch
Method: createCustomerID([java.lang.String[] arg0])
Arguments: [(Utilities.RowData) RowData{headerMap={Delect=Kochi, =CorpApprove-10.2, DocCode=91, EmailType=in, PrimaryRelationshipManagerID=098, Gender=PRIYA, TestCaseName=TC01_CreateCorporateCIFID, CustomerRating=TAXID, EmailId=CSS, FreCode8=FATHER NAME, FreCode6=N, crossincome=, FreCode7=Phone, S_PhoneOrEmail=, CustomerType=CORPORATE CIF ID, occuption=, HouseNo=COMIG, UID=, AddressLine1=INDIA, S_Country =21, Segment  =5/2/25, DelectIdenty=Priya@gmail.com, S_Areacode=N, PNEDelect=, P_MobileAltType=, PrimarySOLID=MIGR, placeofissue=89789, Non-residentIndicator=89787, MinorIndicator=67898, EnableCRMAlerts=0001, PreferredNativeLanguage=200000, P_ContactType=, PNEDelectToBe=Phone , ExDate=N, S_AddressLabel =in, SecondAddressFlg=JALOR, S_placeofissue=, PhoneOrEmail=N, DocType=COMMUNICATION PHONE 1, S_PMobileAltType=Kochi, S_StreetNo=PSPT, Cntrycode=Free Text, Secdocflg=, S_HouseNo=N, FirstName=High, S_ExDate=, S_preferredAddress=XYZPZ5678L, DelectIdentyToBe=HOME, CIFID=100152222, S_DocType=, Nationality=AADHAR CARD, Countryofissue=78987, NativeLanguageCode =098, S_localcode=Mailing, AddressType=MIGR, StreetName=012, S_AddressFormat=15/09/2025, ShortName=CE, Areacode=21, S_Issdate=, S_PEIDType=635110, S_Countryofissue=E-mail, preferredAddress=ENGLISH, S_PContactType=, S_Cntrycode=XYZL, AddressValidFrom=MIGR, City  =MH12 20240012345, TaxDeductedatSourceTable=109, S_EmailId=COMMUNICATION PHONE 1, PreferredLocale =12, S_AddressValidFrom=ccs, S_State =Kerala, Region  =GOLD, MaritalStatus=DATE OF BIRTH CERTIFICATE, S_AddressLine1=Kerala, LastName=OTHERS, Country =05/05/2030, ConstitutionCode=New, PostalCode=N, S_PostalCode=12, StaffIndicator=MIGR, S_EmailType=COMMTELEX, PreferredName=Club Elite, AddressLabel =PSPT, S_DocCode=COMMUNICATION, DateofBirth =91, StreetNo=IN, AddressFormat=UBSADMIN, AddressToDelete=654893,  MiddleName =PRIYA RAMASAMI, SecondPhoneNEnamiFlg=Kerala, localcode=12, Title=Neela,  Sub-segment =OTHERS, PhoneEmailType=Registered, S_PhoneEmailType=ABCD, Issdate=, S_City  =Free Text, P_EIDType=, S_UID=, S_AddressType=05/05/2030, State =15/09/2025, S_StreetName=Registered}, indexList=[TC01_CreateCorporateCIFID, PRIYA, Neela, High, OTHERS, PRIYA RAMASAMI, CE, Club Elite, 91, 67898, 89787, MIGR, MIGR, CORPORATE CIF ID, 5/2/25, OTHERS, New, 109, TAXID, GOLD, 12, 0001, 098, 098, 200000, ENGLISH, UBSADMIN, MIGR, COMIG, IN, 012, MH12 20240012345, 15/09/2025, 05/05/2030, N, MIGR, PSPT, INDIA, JALOR, XYZPZ5678L, 15/09/2025, 05/05/2030, N, PSPT, Registered, Free Text, Kerala, 21, 12, ccs, in, Kerala, Kochi, 654893, , , , N, Registered, Free Text, 21, 12, CSS, in, Kerala, , Kochi, 635110, , ABCD, XYZL, N, Mailing, COMMUNICATION PHONE 1, COMMTELEX, , Phone , COMMUNICATION PHONE 1, 91, 78987, 89789, , , N, , , COMMUNICATION, E-mail, , , , , Priya@gmail.com, HOME, N, Phone, FATHER NAME, AADHAR CARD, DATE OF BIRTH CERTIFICATE, , , Shareholder, Retail, CONTACT, MF, RAM, RAM, CorpApprove-10.2, 100152222]}]" type="org.testng.internal.reflect.MethodMatcherException">
      <![CDATA[org.testng.internal.reflect.MethodMatcherException: 
[public void CRM.CreateCorporateCIFID.createCustomerID(java.lang.String[]) throws java.lang.Exception] has no parameters defined but was found to be using a data provider (either explicitly specified or inherited from class level annotation).
Data provider mismatch
Method: createCustomerID([java.lang.String[] arg0])
Arguments: [(Utilities.RowData) RowData{headerMap={Delect=Kochi, =CorpApprove-10.2, DocCode=91, EmailType=in, PrimaryRelationshipManagerID=098, Gender=PRIYA, TestCaseName=TC01_CreateCorporateCIFID, CustomerRating=TAXID, EmailId=CSS, FreCode8=FATHER NAME, FreCode6=N, crossincome=, FreCode7=Phone, S_PhoneOrEmail=, CustomerType=CORPORATE CIF ID, occuption=, HouseNo=COMIG, UID=, AddressLine1=INDIA, S_Country =21, Segment  =5/2/25, DelectIdenty=Priya@gmail.com, S_Areacode=N, PNEDelect=, P_MobileAltType=, PrimarySOLID=MIGR, placeofissue=89789, Non-residentIndicator=89787, MinorIndicator=67898, EnableCRMAlerts=0001, PreferredNativeLanguage=200000, P_ContactType=, PNEDelectToBe=Phone , ExDate=N, S_AddressLabel =in, SecondAddressFlg=JALOR, S_placeofissue=, PhoneOrEmail=N, DocType=COMMUNICATION PHONE 1, S_PMobileAltType=Kochi, S_StreetNo=PSPT, Cntrycode=Free Text, Secdocflg=, S_HouseNo=N, FirstName=High, S_ExDate=, S_preferredAddress=XYZPZ5678L, DelectIdentyToBe=HOME, CIFID=100152222, S_DocType=, Nationality=AADHAR CARD, Countryofissue=78987, NativeLanguageCode =098, S_localcode=Mailing, AddressType=MIGR, StreetName=012, S_AddressFormat=15/09/2025, ShortName=CE, Areacode=21, S_Issdate=, S_PEIDType=635110, S_Countryofissue=E-mail, preferredAddress=ENGLISH, S_PContactType=, S_Cntrycode=XYZL, AddressValidFrom=MIGR, City  =MH12 20240012345, TaxDeductedatSourceTable=109, S_EmailId=COMMUNICATION PHONE 1, PreferredLocale =12, S_AddressValidFrom=ccs, S_State =Kerala, Region  =GOLD, MaritalStatus=DATE OF BIRTH CERTIFICATE, S_AddressLine1=Kerala, LastName=OTHERS, Country =05/05/2030, ConstitutionCode=New, PostalCode=N, S_PostalCode=12, StaffIndicator=MIGR, S_EmailType=COMMTELEX, PreferredName=Club Elite, AddressLabel =PSPT, S_DocCode=COMMUNICATION, DateofBirth =91, StreetNo=IN, AddressFormat=UBSADMIN, AddressToDelete=654893,  MiddleName =PRIYA RAMASAMI, SecondPhoneNEnamiFlg=Kerala, localcode=12, Title=Neela,  Sub-segment =OTHERS, PhoneEmailType=Registered, S_PhoneEmailType=ABCD, Issdate=, S_City  =Free Text, P_EIDType=, S_UID=, S_AddressType=05/05/2030, State =15/09/2025, S_StreetName=Registered}, indexList=[TC01_CreateCorporateCIFID, PRIYA, Neela, High, OTHERS, PRIYA RAMASAMI, CE, Club Elite, 91, 67898, 89787, MIGR, MIGR, CORPORATE CIF ID, 5/2/25, OTHERS, New, 109, TAXID, GOLD, 12, 0001, 098, 098, 200000, ENGLISH, UBSADMIN, MIGR, COMIG, IN, 012, MH12 20240012345, 15/09/2025, 05/05/2030, N, MIGR, PSPT, INDIA, JALOR, XYZPZ5678L, 15/09/2025, 05/05/2030, N, PSPT, Registered, Free Text, Kerala, 21, 12, ccs, in, Kerala, Kochi, 654893, , , , N, Registered, Free Text, 21, 12, CSS, in, Kerala, , Kochi, 635110, , ABCD, XYZL, N, Mailing, COMMUNICATION PHONE 1, COMMTELEX, , Phone , COMMUNICATION PHONE 1, 91, 78987, 89789, , , N, , , COMMUNICATION, E-mail, , , , , Priya@gmail.com, HOME, N, Phone, FATHER NAME, AADHAR CARD, DATE OF BIRTH CERTIFICATE, , , Shareholder, Retail, CONTACT, MF, RAM, RAM, CorpApprove-10.2, 100152222]}]
at org.testng.internal.reflect.DataProviderMethodMatcher.getConformingArguments(DataProviderMethodMatcher.java:46)
at org.testng.internal.Parameters.injectParameters(Parameters.java:915)
at org.testng.internal.invokers.MethodRunner.runInSequence(MethodRunner.java:50)
at org.testng.internal.invokers.TestInvoker$MethodInvocationAgent.invoke(TestInvoker.java:995)
at org.testng.internal.invokers.TestInvoker.invokeTestMethods(TestInvoker.java:203)
at org.testng.internal.invokers.TestMethodWorker.invokeTestMethods(TestMethodWorker.java:154)
at org.testng.internal.invokers.TestMethodWorker.run(TestMethodWorker.java:134)
at java.base/java.util.ArrayList.forEach(ArrayList.java:1511)
at org.testng.TestRunner.privateRun(TestRunner.java:741)
at org.testng.TestRunner.run(TestRunner.java:616)
at org.testng.SuiteRunner.runTest(SuiteRunner.java:421)
at org.testng.SuiteRunner.runSequentially(SuiteRunner.java:413)
at org.testng.SuiteRunner.privateRun(SuiteRunner.java:373)
at org.testng.SuiteRunner.run(SuiteRunner.java:312)
at org.testng.SuiteRunnerWorker.runSuite(SuiteRunnerWorker.java:52)
at org.testng.SuiteRunnerWorker.run(SuiteRunnerWorker.java:95)
at org.testng.TestNG.runSuitesSequentially(TestNG.java:1274)
at org.testng.TestNG.runSuitesLocally(TestNG.java:1208)
at org.testng.TestNG.runSuites(TestNG.java:1112)
at org.testng.TestNG.run(TestNG.java:1079)
at org.testng.remote.AbstractRemoteTestNG.run(AbstractRemoteTestNG.java:115)
at org.testng.remote.RemoteTestNG.initAndRun(RemoteTestNG.java:293)
at org.testng.remote.RemoteTestNG.main(RemoteTestNG.java:91)
]]>
    </error>
  </testcase> <!-- createCustomerID -->
</testsuite> <!-- CRM.CreateCorporateCIFID -->
