<?xml version="1.0" encoding="UTF-8"?>
<!-- Generated by org.testng.reporters.JUnitReportReporter -->
<testsuite hostname="christina" failures="0" tests="1" name="NegativeTestCase.HLADGEN" time="10.750" errors="0" timestamp="2025-10-08T10:23:20 IST" skipped="0">
  <testcase classname="NegativeTestCase.HLADGEN" name="CreateLoan" time="10.750"/>
</testsuite> <!-- NegativeTestCase.HLADGEN -->
