<?xml version="1.0" encoding="UTF-8"?>
<!-- Generated by org.testng.reporters.JUnitReportReporter -->
<testsuite hostname="christina" failures="0" tests="1" name="CashCreditAccount.CloseCashCreditAccount" time="24.795" errors="0" timestamp="2025-10-06T17:57:21 IST" skipped="0">
  <testcase classname="CashCreditAccount.CloseCashCreditAccount" name="VerifyLoanAccount" time="24.795"/>
</testsuite> <!-- CashCreditAccount.CloseCashCreditAccount -->
