<?xml version="1.0" encoding="UTF-8"?>
<!-- Generated by org.testng.reporters.JUnitReportReporter -->
<testsuite hostname="christina" failures="0" tests="1" name="Positive.verifyHimc" time="161.868" errors="0" timestamp="2025-10-18T20:18:44 IST" skipped="0">
  <testcase classname="Positive.verifyHimc" name="Addfreeze" time="161.868"/>
</testsuite> <!-- Positive.verifyHimc -->
