<?xml version="1.0" encoding="UTF-8"?>
<!-- Generated by org.testng.reporters.JUnitReportReporter -->
<testsuite hostname="christina" failures="0" tests="1" name="Positive.AddHDDSM" time="57.245" errors="0" timestamp="2025-10-19T16:16:02 IST" skipped="0">
  <testcase classname="Positive.AddHDDSM" name="Addfreeze" time="57.245"/>
</testsuite> <!-- Positive.AddHDDSM -->
