<?xml version="1.0" encoding="UTF-8"?>
<!-- Generated by org.testng.reporters.JUnitReportReporter -->
<testsuite hostname="christina" failures="0" tests="1" name="TestCases.TC02_CreateLoanAccountwithSchmcodeforTwoWheelerRs2LandClosetheAccount" time="132.559" errors="0" timestamp="2025-10-01T20:55:42 IST" skipped="0">
  <testcase classname="TestCases.TC02_CreateLoanAccountwithSchmcodeforTwoWheelerRs2LandClosetheAccount" name="runTestSuiteInOrder" time="132.559"/>
</testsuite> <!-- TestCases.TC02_CreateLoanAccountwithSchmcodeforTwoWheelerRs2LandClosetheAccount -->
