<?xml version="1.0" encoding="UTF-8"?>
<!-- Generated by org.testng.reporters.JUnitReportReporter -->
<testsuite hostname="christina" failures="0" tests="1" name="Positive.InquireHCCFM" time="94.050" errors="0" timestamp="2025-10-19T13:02:36 IST" skipped="0">
  <testcase classname="Positive.InquireHCCFM" name="Addfreeze" time="94.050"/>
</testsuite> <!-- Positive.InquireHCCFM -->
