<?xml version="1.0" encoding="UTF-8"?>
<!-- Generated by org.testng.reporters.JUnitReportReporter -->
<testsuite hostname="christina" failures="0" tests="1" name="Positive.Closetheaccountwithzerobalance" time="39.493" errors="0" timestamp="2025-10-17T11:17:28 IST" skipped="0">
  <testcase classname="Positive.Closetheaccountwithzerobalance" name="closing" time="39.493"/>
</testsuite> <!-- Positive.Closetheaccountwithzerobalance -->
