<?xml version="1.0" encoding="UTF-8"?>
<!-- Generated by org.testng.reporters.JUnitReportReporter -->
<testsuite hostname="christina" failures="0" tests="1" name="NegativeTestCase.VerifyHlara" time="25.474" errors="0" timestamp="2025-10-08T14:51:14 IST" skipped="0">
  <testcase classname="NegativeTestCase.VerifyHlara" name="CreateLoan" time="25.474"/>
</testsuite> <!-- NegativeTestCase.VerifyHlara -->
