<?xml version="1.0" encoding="UTF-8"?>
<!-- Generated by org.testng.reporters.JUnitReportReporter -->
<testsuite hostname="christina" failures="0" tests="1" name="TestCases1.TC19_MtdseModifyAndVerify" time="146.502" errors="0" timestamp="2025-10-19T10:42:46 IST" skipped="0">
  <testcase classname="TestCases1.TC19_MtdseModifyAndVerify" name="runTestSuiteInOrder" time="146.502"/>
</testsuite> <!-- TestCases1.TC19_MtdseModifyAndVerify -->
