<?xml version="1.0" encoding="UTF-8"?>
<!-- Generated by org.testng.reporters.JUnitReportReporter -->
<testsuite hostname="christina" failures="0" tests="1" name="Positive.CreateSavingsAccountwithnomineeandrelatedparty" time="116.245" errors="0" timestamp="2025-10-17T12:07:30 IST" skipped="0">
  <testcase classname="Positive.CreateSavingsAccountwithnomineeandrelatedparty" name="CreateLoan" time="116.245"/>
</testsuite> <!-- Positive.CreateSavingsAccountwithnomineeandrelatedparty -->
