<?xml version="1.0" encoding="UTF-8"?>
<!-- Generated by org.testng.reporters.JUnitReportReporter -->
<testsuite hostname="christina" failures="0" tests="1" name="Bank_TestCases.TC11_TestscheduledpaymentofmigratedaccountsAndVerify" time="129.037" errors="0" timestamp="2025-10-09T12:21:44 IST" skipped="0">
  <testcase classname="Bank_TestCases.TC11_TestscheduledpaymentofmigratedaccountsAndVerify" name="runTestSuiteInOrder" time="129.037"/>
</testsuite> <!-- Bank_TestCases.TC11_TestscheduledpaymentofmigratedaccountsAndVerify -->
