<?xml version="1.0" encoding="UTF-8"?>
<!-- Generated by org.testng.reporters.JUnitReportReporter -->
<testsuite hostname="christina" failures="0" tests="1" name="Positive.CancelTheCloseAccount" time="37.936" errors="0" timestamp="2025-10-17T13:57:38 IST" skipped="0">
  <testcase classname="Positive.CancelTheCloseAccount" name="closing" time="37.936"/>
</testsuite> <!-- Positive.CancelTheCloseAccount -->
