<?xml version="1.0" encoding="UTF-8"?>
<!-- Generated by org.testng.reporters.JUnitReportReporter -->
<testsuite hostname="christina" failures="0" tests="1" name="TestCases1.TC16_issuseChechbookAndVerify" time="137.522" errors="0" timestamp="2025-10-18T18:56:49 IST" skipped="0">
  <testcase classname="TestCases1.TC16_issuseChechbookAndVerify" name="runTestSuiteInOrder" time="137.522"/>
</testsuite> <!-- TestCases1.TC16_issuseChechbookAndVerify -->
