<?xml version="1.0" encoding="UTF-8"?>
<!-- Generated by org.testng.reporters.JUnitReportReporter -->
<testsuite hostname="christina" failures="0" tests="1" name="Positive.HAMIInquire" time="54.143" errors="0" timestamp="2025-10-19T15:21:46 IST" skipped="0">
  <testcase classname="Positive.HAMIInquire" name="Addfreeze" time="54.143"/>
</testsuite> <!-- Positive.HAMIInquire -->
