<?xml version="1.0" encoding="UTF-8"?>
<!-- Generated by org.testng.reporters.JUnitReportReporter -->
<testsuite hostname="christina" failures="0" tests="1" name="Positive.CreateCurentAccount" time="163.356" errors="0" timestamp="2025-10-17T11:52:47 IST" skipped="0">
  <testcase classname="Positive.CreateCurentAccount" name="CreateLoan" time="163.356"/>
</testsuite> <!-- Positive.CreateCurentAccount -->
