<?xml version="1.0" encoding="UTF-8"?>
<!-- Generated by org.testng.reporters.JUnitReportReporter -->
<testsuite hostname="christina" failures="0" tests="1" name="Positive.VerifyHDDSM$AddHDDSM" time="128.462" errors="0" timestamp="2025-10-19T16:32:44 IST" skipped="0">
  <testcase classname="Positive.VerifyHDDSM$AddHDDSM" name="Addfreeze" time="128.462"/>
</testsuite> <!-- Positive.VerifyHDDSM$AddHDDSM -->
