<?xml version="1.0" encoding="UTF-8"?>
<!-- Generated by org.testng.reporters.JUnitReportReporter -->
<testsuite hostname="christina" failures="0" tests="1" name="TestCases1.haclinq" time="102.220" errors="0" timestamp="2025-10-18T17:27:44 IST" skipped="0">
  <testcase classname="TestCases1.haclinq" name="Addfreeze" time="102.220"/>
</testsuite> <!-- TestCases1.haclinq -->
