<?xml version="1.0" encoding="UTF-8"?>
<!-- Generated by org.testng.reporters.JUnitReportReporter -->
<testsuite hostname="christina" failures="0" tests="1" name="Positive.AddFreeze" time="95.248" errors="0" timestamp="2025-10-18T16:30:10 IST" skipped="0">
  <testcase classname="Positive.AddFreeze" name="Addfreeze" time="95.248"/>
</testsuite> <!-- Positive.AddFreeze -->
