<?xml version="1.0" encoding="UTF-8"?>
<!-- Generated by org.testng.reporters.JUnitReportReporter -->
<testsuite hostname="christina" failures="0" tests="1" name="TestCases1.Tc12_FreezeAndInquire" time="175.940" errors="0" timestamp="2025-10-18T16:23:59 IST" skipped="0">
  <testcase classname="TestCases1.Tc12_FreezeAndInquire" name="runTestSuiteInOrder" time="175.940"/>
</testsuite> <!-- TestCases1.Tc12_FreezeAndInquire -->
