<?xml version="1.0" encoding="UTF-8"?>
<!-- Generated by org.testng.reporters.JUnitReportReporter -->
<testsuite hostname="christina" failures="0" tests="1" name="Positive.CancelHICHB" time="41.576" errors="0" timestamp="2025-10-18T19:11:08 IST" skipped="0">
  <testcase classname="Positive.CancelHICHB" name="Addfreeze" time="41.576"/>
</testsuite> <!-- Positive.CancelHICHB -->
