<?xml version="1.0" encoding="UTF-8"?>
<!-- Generated by org.testng.reporters.JUnitReportReporter -->
<testsuite hostname="christina" failures="0" tests="1" name="Positive.AddTransaction" time="93.561" errors="0" timestamp="2025-10-18T18:10:53 IST" skipped="0">
  <testcase classname="Positive.AddTransaction" name="Addfreeze" time="93.561"/>
</testsuite> <!-- Positive.AddTransaction -->
