<?xml version="1.0" encoding="UTF-8"?>
<!-- Generated by org.testng.reporters.JUnitReportReporter -->
<testsuite hostname="christina" failures="0" tests="1" name="Loan.LoanClose" time="46.606" errors="0" timestamp="2025-10-09T18:40:56 IST" skipped="0">
  <testcase classname="Loan.LoanClose" name="close" time="46.606"/>
</testsuite> <!-- Loan.LoanClose -->
