<?xml version="1.0" encoding="UTF-8"?>
<!-- Generated by org.testng.reporters.JUnitReportReporter -->
<testsuite hostname="christina" failures="0" tests="1" name="Loan.Loan_Account" time="41.965" errors="0" timestamp="2025-10-01T14:22:46 IST" skipped="0">
  <testcase classname="Loan.Loan_Account" name="CreateLoan" time="41.965"/>
</testsuite> <!-- Loan.Loan_Account -->
