<?xml version="1.0" encoding="UTF-8"?>
<!-- Generated by org.testng.reporters.JUnitReportReporter -->
<testsuite hostname="christina" failures="0" tests="1" name="Positive.CollectCharges" time="24.507" errors="0" timestamp="2025-10-17T15:49:19 IST" skipped="0">
  <testcase classname="Positive.CollectCharges" name="FUNDING" time="24.507"/>
</testsuite> <!-- Positive.CollectCharges -->
