<?xml version="1.0" encoding="UTF-8"?>
<!-- Generated by org.testng.reporters.JUnitReportReporter -->
<testsuite hostname="christina" failures="0" tests="1" name="TestCases.TC03_TermDeposit" time="257.835" errors="0" timestamp="2025-10-17T14:35:40 IST" skipped="0">
  <testcase classname="TestCases.TC03_TermDeposit" name="runTestSuiteInOrder" time="257.835"/>
</testsuite> <!-- TestCases.TC03_TermDeposit -->
