<?xml version="1.0" encoding="UTF-8"?>
<!-- Generated by org.testng.reporters.JUnitReportReporter -->
<testsuite hostname="christina" failures="0" tests="1" name="NegativeTestCases.TC02_LoanAccountOpeningAndClose" time="73.827" errors="0" timestamp="2025-10-16T17:10:00 IST" skipped="0">
  <testcase classname="NegativeTestCases.TC02_LoanAccountOpeningAndClose" name="runTestSuiteInOrder" time="73.827"/>
</testsuite> <!-- NegativeTestCases.TC02_LoanAccountOpeningAndClose -->
