<?xml version="1.0" encoding="UTF-8"?>
<!-- Generated by org.testng.reporters.JUnitReportReporter -->
<testsuite hostname="christina" failures="0" tests="1" name="NewTestCases.CreateSavingsAccountwithnomineeandrelatedparty" time="114.896" errors="0" timestamp="2025-10-16T14:11:06 IST" skipped="0">
  <testcase classname="NewTestCases.CreateSavingsAccountwithnomineeandrelatedparty" name="CreateLoan" time="114.896"/>
</testsuite> <!-- NewTestCases.CreateSavingsAccountwithnomineeandrelatedparty -->
