<?xml version="1.0" encoding="UTF-8"?>
<!-- Generated by org.testng.reporters.JUnitReportReporter -->
<testsuite hostname="christina" failures="0" tests="1" name="Positive.MTDSEVerify" time="41.744" errors="0" timestamp="2025-10-19T10:42:46 IST" skipped="0">
  <testcase classname="Positive.MTDSEVerify" name="Addfreeze" time="41.744"/>
</testsuite> <!-- Positive.MTDSEVerify -->
