<?xml version="1.0" encoding="UTF-8"?>
<!-- Generated by org.testng.reporters.JUnitReportReporter -->
<testsuite hostname="christina" failures="0" tests="1" name="Positive.ModifyHCCFM" time="44.511" errors="0" timestamp="2025-10-19T12:38:20 IST" skipped="0">
  <testcase classname="Positive.ModifyHCCFM" name="Addfreeze" time="44.511"/>
</testsuite> <!-- Positive.ModifyHCCFM -->
