<?xml version="1.0" encoding="UTF-8"?>
<!-- Generated by org.testng.reporters.JUnitReportReporter -->
<testsuite hostname="christina" failures="0" tests="1" name="Positive.Cancelhddsm" time="45.078" errors="0" timestamp="2025-10-19T17:16:54 IST" skipped="0">
  <testcase classname="Positive.Cancelhddsm" name="Addfreeze" time="45.078"/>
</testsuite> <!-- Positive.Cancelhddsm -->
