<?xml version="1.0" encoding="UTF-8"?>
<!-- Generated by org.testng.reporters.JUnitReportReporter -->
<testsuite hostname="christina" failures="0" tests="1" name="NewTestCases.AddFreeze" time="24.724" errors="0" timestamp="2025-10-16T14:35:14 IST" skipped="0">
  <testcase classname="NewTestCases.AddFreeze" name="Addfreeze" time="24.724"/>
</testsuite> <!-- NewTestCases.AddFreeze -->
