<?xml version="1.0" encoding="UTF-8"?>
<!-- Generated by org.testng.reporters.JUnitReportReporter -->
<testsuite hostname="christina" failures="0" tests="1" name="Positive.CanceltheCloseAccountAndVerify" time="40.283" errors="0" timestamp="2025-10-17T14:13:45 IST" skipped="0">
  <testcase classname="Positive.CanceltheCloseAccountAndVerify" name="closing" time="40.283"/>
</testsuite> <!-- Positive.CanceltheCloseAccountAndVerify -->
