<?xml version="1.0" encoding="UTF-8"?>
<!-- Generated by org.testng.reporters.JUnitReportReporter -->
<testsuite hostname="christina" failures="0" tests="1" name="Positive.Unfreeze" time="103.463" errors="0" timestamp="2025-10-18T15:36:26 IST" skipped="0">
  <testcase classname="Positive.Unfreeze" name="Addfreeze" time="103.463"/>
</testsuite> <!-- Positive.Unfreeze -->
