<?xml version="1.0" encoding="UTF-8"?>
<!-- Generated by org.testng.reporters.JUnitReportReporter -->
<testsuite hostname="christina" failures="0" tests="1" name="NegativeTestCase.CreateTDUsingSuspendCifid" time="12.071" errors="0" timestamp="2025-10-14T14:59:28 IST" skipped="0">
  <testcase classname="NegativeTestCase.CreateTDUsingSuspendCifid" name="CreateLoan" time="12.071"/>
</testsuite> <!-- NegativeTestCase.CreateTDUsingSuspendCifid -->
