<?xml version="1.0" encoding="UTF-8"?>
<!-- Generated by org.testng.reporters.JUnitReportReporter -->
<testsuite hostname="christina" failures="0" tests="1" name="NewTestCases.TC01_CreateSavingsAccountWith5000AmtAndCloseTheAccount" time="0.069" errors="0" timestamp="2025-10-16T11:12:52 IST" skipped="0">
  <testcase classname="NewTestCases.TC01_CreateSavingsAccountWith5000AmtAndCloseTheAccount" name="runTest" time="0.069"/>
</testsuite> <!-- NewTestCases.TC01_CreateSavingsAccountWith5000AmtAndCloseTheAccount -->
