<?xml version="1.0" encoding="UTF-8"?>
<!-- Generated by org.testng.reporters.JUnitReportReporter -->
<testsuite hostname="christina" failures="0" tests="1" name="TestCases.TC10_RevisedflowusingHLARAandVerify" time="37.572" errors="0" timestamp="2025-10-14T11:04:47 IST" skipped="0">
  <testcase classname="TestCases.TC10_RevisedflowusingHLARAandVerify" name="runTestSuiteInOrder" time="37.572"/>
</testsuite> <!-- TestCases.TC10_RevisedflowusingHLARAandVerify -->
