<?xml version="1.0" encoding="UTF-8"?>
<!-- Generated by org.testng.reporters.JUnitReportReporter -->
<testsuite hostname="Priyaramasami-Personal-11255" failures="0" tests="1" name="FederalBank_TestCases.TC14_MarkParticularGuaranteeforInvocation" time="128.255" errors="0" timestamp="2025-10-08T12:27:59 IST" skipped="0">
  <testcase classname="FederalBank_TestCases.TC14_MarkParticularGuaranteeforInvocation" name="runTest" time="128.255"/>
</testsuite> <!-- FederalBank_TestCases.TC14_MarkParticularGuaranteeforInvocation -->
