<?xml version="1.0" encoding="UTF-8"?>
<!-- Generated by org.testng.reporters.JUnitReportReporter -->
<testsuite hostname="Priyaramasami-Personal-11255" failures="0" tests="1" name="CASA.CreateSavingsAccount" time="40.194" errors="0" timestamp="2025-06-09T14:39:17 IST" skipped="0">
  <testcase classname="CASA.CreateSavingsAccount" name="createSBAccount" time="40.194"/>
</testsuite> <!-- CASA.CreateSavingsAccount -->
