<?xml version="1.0" encoding="UTF-8"?>
<!-- Generated by org.testng.reporters.JUnitReportReporter -->
<testsuite hostname="Priyaramasami-Personal-11255" failures="0" tests="1" name="FederalBank_TestCases.TC01_CreateSavingsAccountwithnomineeandrelatedparty" time="37.765" errors="0" timestamp="2025-10-08T15:03:26 IST" skipped="0">
  <testcase classname="FederalBank_TestCases.TC01_CreateSavingsAccountwithnomineeandrelatedparty" name="runTest" time="37.765"/>
</testsuite> <!-- FederalBank_TestCases.TC01_CreateSavingsAccountwithnomineeandrelatedparty -->
