<?xml version="1.0" encoding="UTF-8"?>
<!-- Generated by org.testng.reporters.JUnitReportReporter -->
<testsuite hostname="Priyaramasami-Personal-11255" failures="0" tests="1" name="FederalBank_TestCases.TC05_BookForwardContract" time="20.141" errors="0" timestamp="2025-10-08T15:40:36 IST" skipped="0">
  <testcase classname="FederalBank_TestCases.TC05_BookForwardContract" name="runTest" time="20.141"/>
</testsuite> <!-- FederalBank_TestCases.TC05_BookForwardContract -->
