<?xml version="1.0" encoding="UTF-8"?>
<!-- Generated by org.testng.reporters.JUnitReportReporter -->
<testsuite hostname="Priyaramasami-Personal-11255" failures="0" tests="1" name="CASA.InterestCalculation" time="5.731" errors="0" timestamp="2025-06-09T14:39:17 IST" skipped="0">
  <testcase classname="CASA.InterestCalculation" name="HACINT" time="5.731"/>
</testsuite> <!-- CASA.InterestCalculation -->
