<?xml version="1.0" encoding="UTF-8"?>
<!-- Generated by org.testng.reporters.JUnitReportReporter -->
<testsuite hostname="Priyaramasami-Personal-11255" failures="0" tests="1" name="FederalBank_TestCases.TC03_CollectSwapCharge" time="33.924" errors="0" timestamp="2025-10-02T13:02:41 IST" skipped="0">
  <testcase classname="FederalBank_TestCases.TC03_CollectSwapCharge" name="runTest" time="33.924"/>
</testsuite> <!-- FederalBank_TestCases.TC03_CollectSwapCharge -->
