<?xml version="1.0" encoding="UTF-8"?>
<!-- Generated by org.testng.reporters.JUnitReportReporter -->
<testsuite hostname="Priyaramasami-Personal-11255" failures="0" tests="1" name="CASA.CashWithdrawal" time="19.596" errors="0" timestamp="2025-06-09T14:39:17 IST" skipped="0">
  <testcase classname="CASA.CashWithdrawal" name="CashWithdraw" time="19.596"/>
</testsuite> <!-- CASA.CashWithdrawal -->
