<?xml version="1.0" encoding="UTF-8"?>
<!-- Generated by org.testng.reporters.JUnitReportReporter -->
<testsuite hostname="Priyaramasami-Personal-11255" failures="0" tests="1" name="FederalBank_TestCases.TC06_ModifyForwardContractToTheAmountOf15000" time="22.064" errors="0" timestamp="2025-10-08T15:26:17 IST" skipped="0">
  <testcase classname="FederalBank_TestCases.TC06_ModifyForwardContractToTheAmountOf15000" name="runTest" time="22.064"/>
</testsuite> <!-- FederalBank_TestCases.TC06_ModifyForwardContractToTheAmountOf15000 -->
