<?xml version="1.0" encoding="UTF-8"?>
<!-- Generated by org.testng.reporters.JUnitReportReporter -->
<testsuite hostname="Priyaramasami-Personal-11255" failures="0" tests="1" name="TestCases.TC06_Custom_PMSBY" time="132.787" errors="0" timestamp="2025-07-03T15:14:43 IST" skipped="0">
  <testcase classname="TestCases.TC06_Custom_PMSBY" name="runTest" time="132.787"/>
</testsuite> <!-- TestCases.TC06_Custom_PMSBY -->
