<?xml version="1.0" encoding="UTF-8"?>
<!-- Generated by org.testng.reporters.JUnitReportReporter -->
<testsuite hostname="Priyaramasami-Personal-11255" failures="0" tests="1" name="TestCases.TC04_IssueChequeBookToTheSavingsAccountWith10LeavesAfterTransactionStopTheChequeAndRevoke" time="4.920" errors="0" timestamp="2025-08-21T16:44:04 IST" skipped="0">
  <testcase classname="TestCases.TC04_IssueChequeBookToTheSavingsAccountWith10LeavesAfterTransactionStopTheChequeAndRevoke" name="runTest" time="4.920"/>
</testsuite> <!-- TestCases.TC04_IssueChequeBookToTheSavingsAccountWith10LeavesAfterTransactionStopTheChequeAndRevoke -->
