<?xml version="1.0" encoding="UTF-8"?>
<!-- Generated by org.testng.reporters.JUnitReportReporter -->
<testsuite hostname="Priyaramasami-Personal-11255" failures="0" tests="1" name="com.BBSSL.Testcase.TC01_Custom_PMSBY" time="245.558" errors="0" timestamp="2025-07-14T10:50:12 IST" skipped="0">
  <testcase classname="com.BBSSL.Testcase.TC01_Custom_PMSBY" name="runTest" time="245.558">
    <system-out>
      <![CDATA[Add' passed
Cancel' passed
AddAgain' passed
Verify' passed
Modify' passed
InquireMV' passed
Delete' passed
Inquire' passed]]>
    </system-out>
  </testcase> <!-- runTest -->
  <system-out>
    <![CDATA[Add' passed
Cancel' passed
AddAgain' passed
Verify' passed
Modify' passed
InquireMV' passed
Delete' passed
Inquire' passed
Test 'runTest' completed with status: PASS
✅ Final logout completed
✅ Browser session terminated]]>
  </system-out>
</testsuite> <!-- com.BBSSL.Testcase.TC01_Custom_PMSBY -->
