<?xml version="1.0" encoding="UTF-8"?>
<!-- Generated by org.testng.reporters.JUnitReportReporter -->
<testsuite hostname="Priyaramasami-Personal-11255" failures="0" tests="1" name="FederalBank_TestCases.TC10_AdviseDocumentaryCredit" time="83.595" errors="0" timestamp="2025-10-10T14:05:01 IST" skipped="0">
  <testcase classname="FederalBank_TestCases.TC10_AdviseDocumentaryCredit" name="runTest" time="83.595"/>
</testsuite> <!-- FederalBank_TestCases.TC10_AdviseDocumentaryCredit -->
