<?xml version="1.0" encoding="UTF-8"?>
<!-- Generated by org.testng.reporters.JUnitReportReporter -->
<testsuite hostname="christina" failures="0" tests="1" name="TestCases1.TC02_AddTotalFreezeToTheSavingsAccountWithAmtOf1000AndUnfreezeTheAccount" time="176.746" errors="0" timestamp="2025-10-18T16:30:10 IST" skipped="0">
  <testcase classname="TestCases1.TC02_AddTotalFreezeToTheSavingsAccountWithAmtOf1000AndUnfreezeTheAccount" name="runTestSuiteInOrder" time="176.746"/>
</testsuite> <!-- TestCases1.TC02_AddTotalFreezeToTheSavingsAccountWithAmtOf1000AndUnfreezeTheAccount -->
