<?xml version="1.0" encoding="UTF-8"?>
<!-- Generated by org.testng.reporters.JUnitReportReporter -->
<testsuite hostname="christina" failures="0" tests="1" name="Positive.CancelHCCFM" time="132.026" errors="0" timestamp="2025-10-19T12:55:27 IST" skipped="0">
  <testcase classname="Positive.CancelHCCFM" name="Addfreeze" time="132.026"/>
</testsuite> <!-- Positive.CancelHCCFM -->
