<?xml version="1.0" encoding="UTF-8"?>
<!-- Generated by org.testng.reporters.JUnitReportReporter -->
<testsuite hostname="christina" failures="0" tests="1" name="TermDeposit.ModificationOfTermDepositAftersVerification" time="19.870" errors="0" timestamp="2025-10-07T11:43:03 IST" skipped="0">
  <testcase classname="TermDeposit.ModificationOfTermDepositAftersVerification" name="ModifyAfterVerification" time="19.870"/>
</testsuite> <!-- TermDeposit.ModificationOfTermDepositAftersVerification -->
