<?xml version="1.0" encoding="UTF-8"?>
<!-- Generated by org.testng.reporters.JUnitReportReporter -->
<testsuite hostname="christina" failures="0" tests="1" name="Positive.hichb$AddTransaction" time="43.052" errors="0" timestamp="2025-10-18T18:56:49 IST" skipped="0">
  <testcase classname="Positive.hichb$AddTransaction" name="Addfreeze" time="43.052"/>
</testsuite> <!-- Positive.hichb$AddTransaction -->
