<?xml version="1.0" encoding="UTF-8"?>
<!-- Generated by org.testng.reporters.JUnitReportReporter -->
<testsuite hostname="christina" failures="0" tests="1" name="TestCases1.verify" time="37.930" errors="0" timestamp="2025-10-18T18:50:28 IST" skipped="0">
  <testcase classname="TestCases1.verify" name="Addfreeze" time="37.930"/>
</testsuite> <!-- TestCases1.verify -->
