<?xml version="1.0" encoding="UTF-8"?>
<!-- Generated by org.testng.reporters.JUnitReportReporter -->
<testsuite hostname="christina" failures="0" tests="1" name="TestCases1.TC18_AddHIMCAndVerify" time="43.677" errors="0" timestamp="2025-10-18T20:48:11 IST" skipped="0">
  <testcase classname="TestCases1.TC18_AddHIMCAndVerify" name="runTestSuiteInOrder" time="43.677"/>
</testsuite> <!-- TestCases1.TC18_AddHIMCAndVerify -->
