<?xml version="1.0" encoding="UTF-8"?>
<!-- Generated by org.testng.reporters.JUnitReportReporter -->
<testsuite hostname="christina" failures="0" tests="1" name="Positive.VerifyHCCFM" time="122.925" errors="0" timestamp="2025-10-19T13:33:01 IST" skipped="0">
  <testcase classname="Positive.VerifyHCCFM" name="Addfreeze" time="122.925"/>
</testsuite> <!-- Positive.VerifyHCCFM -->
