<?xml version="1.0" encoding="UTF-8"?>
<!-- Generated by org.testng.reporters.JUnitReportReporter -->
<testsuite hostname="christina" failures="0" tests="1" name="TestCases.TC05_CashCreditAccount" time="466.372" errors="0" timestamp="2025-10-06T17:57:22 IST" skipped="0">
  <testcase classname="TestCases.TC05_CashCreditAccount" name="runTestSuiteInOrder" time="466.372"/>
</testsuite> <!-- TestCases.TC05_CashCreditAccount -->
