<?xml version="1.0" encoding="UTF-8"?>
<!-- Generated by org.testng.reporters.JUnitReportReporter -->
<testsuite hostname="christina" failures="0" tests="1" name="Positive.VerifyHDDSM" time="47.216" errors="0" timestamp="2025-10-19T16:37:24 IST" skipped="0">
  <testcase classname="Positive.VerifyHDDSM" name="Addfreeze" time="47.216"/>
</testsuite> <!-- Positive.VerifyHDDSM -->
