<?xml version="1.0" encoding="UTF-8"?>
<!-- Generated by org.testng.reporters.JUnitReportReporter -->
<testsuite hostname="christina" failures="0" tests="1" name="NegativeTestCase.Unscheduledpaymentofmigratedaccounts" time="33.960" errors="0" timestamp="2025-10-09T14:37:50 IST" skipped="0">
  <testcase classname="NegativeTestCase.Unscheduledpaymentofmigratedaccounts" name="CreateLoan" time="33.960"/>
</testsuite> <!-- NegativeTestCase.Unscheduledpaymentofmigratedaccounts -->
