<?xml version="1.0" encoding="UTF-8"?>
<!-- Generated by org.testng.reporters.JUnitReportReporter -->
<testsuite hostname="christina" failures="0" tests="1" name="Positive.HCCFM" time="104.192" errors="0" timestamp="2025-10-19T12:34:24 IST" skipped="0">
  <testcase classname="Positive.HCCFM" name="Addfreeze" time="104.192"/>
</testsuite> <!-- Positive.HCCFM -->
