<?xml version="1.0" encoding="UTF-8"?>
<!-- Generated by org.testng.reporters.JUnitReportReporter -->
<testsuite hostname="christina" failures="0" tests="1" name="Positive.HAMI" time="43.792" errors="0" timestamp="2025-10-19T15:06:14 IST" skipped="0">
  <testcase classname="Positive.HAMI" name="Addfreeze" time="43.792"/>
</testsuite> <!-- Positive.HAMI -->
