<?xml version="1.0" encoding="UTF-8"?>
<!-- Generated by org.testng.reporters.JUnitReportReporter -->
<testsuite hostname="christina" failures="0" tests="1" name="TestCases.TC04_ODAccount" time="193.705" errors="0" timestamp="2025-10-10T11:29:39 IST" skipped="0">
  <testcase classname="TestCases.TC04_ODAccount" name="runTestSuiteInOrder" time="193.705"/>
</testsuite> <!-- TestCases.TC04_ODAccount -->
