<?xml version="1.0" encoding="UTF-8"?>
<!-- Generated by org.testng.reporters.JUnitReportReporter -->
<testsuite hostname="christina" failures="0" tests="1" name="TestCases.TC06_CreateLoanAccountUsingColletralScheme" time="394.766" errors="0" timestamp="2025-10-08T17:48:19 IST" skipped="0">
  <testcase classname="TestCases.TC06_CreateLoanAccountUsingColletralScheme" name="runTestSuiteInOrder" time="394.766"/>
</testsuite> <!-- TestCases.TC06_CreateLoanAccountUsingColletralScheme -->
