<?xml version="1.0" encoding="UTF-8"?>
<!-- Generated by org.testng.reporters.JUnitReportReporter -->
<testsuite hostname="christina" failures="0" tests="1" name="NegativeTestCase.CreateTDUsingSuspendCifid" time="25.363" errors="0" timestamp="2025-10-04T19:12:40 IST" skipped="0">
  <testcase classname="NegativeTestCase.CreateTDUsingSuspendCifid" name="CreateLoan" time="25.363"/>
</testsuite> <!-- NegativeTestCase.CreateTDUsingSuspendCifid -->
