<?xml version="1.0" encoding="UTF-8"?>
<!-- Generated by org.testng.reporters.JUnitReportReporter -->
<testsuite hostname="christina" failures="0" tests="1" name="Loan.VerificationOfLoanAfterModification" time="69.965" errors="0" timestamp="2025-10-03T20:33:34 IST" skipped="0">
  <testcase classname="Loan.VerificationOfLoanAfterModification" name="CreateLoan" time="69.965"/>
</testsuite> <!-- Loan.VerificationOfLoanAfterModification -->
