<?xml version="1.0" encoding="UTF-8"?>
<!-- Generated by org.testng.reporters.JUnitReportReporter -->
<testsuite hostname="christina" failures="0" tests="1" name="Loan.LoanClose" time="27.687" errors="0" timestamp="2025-10-02T08:46:17 IST" skipped="0">
  <testcase classname="Loan.LoanClose" name="close" time="27.687"/>
</testsuite> <!-- Loan.LoanClose -->
