<?xml version="1.0" encoding="UTF-8"?>
<!-- Generated by org.testng.reporters.JUnitReportReporter -->
<testsuite hostname="christina" failures="0" tests="1" name="OD.CloseOD" time="21.590" errors="0" timestamp="2025-10-06T15:21:12 IST" skipped="0">
  <testcase classname="OD.CloseOD" name="VerifyLoanAccount" time="21.590"/>
</testsuite> <!-- OD.CloseOD -->
