<?xml version="1.0" encoding="UTF-8"?>
<!-- Generated by org.testng.reporters.JUnitReportReporter -->
<testsuite hostname="christina" failures="0" tests="1" name="CashCreditAccount.CloseCashCreditAccount" time="39.051" errors="0" timestamp="2025-10-10T12:54:18 IST" skipped="0">
  <testcase classname="CashCreditAccount.CloseCashCreditAccount" name="VerifyLoanAccount" time="39.051"/>
</testsuite> <!-- CashCreditAccount.CloseCashCreditAccount -->
