<?xml version="1.0" encoding="UTF-8"?>
<!-- Generated by org.testng.reporters.JUnitReportReporter -->
<testsuite hostname="christina" failures="0" tests="1" name="CashCreditAccount.VerifyCashCreditAccount" time="137.682" errors="0" timestamp="2025-10-10T12:53:10 IST" skipped="0">
  <testcase classname="CashCreditAccount.VerifyCashCreditAccount" name="createTDAccount" time="137.682"/>
</testsuite> <!-- CashCreditAccount.VerifyCashCreditAccount -->
