<?xml version="1.0" encoding="UTF-8"?>
<!-- Generated by org.testng.reporters.JUnitReportReporter -->
<testsuite hostname="christina" failures="0" tests="1" name="Bank_TestCases.TC12_TestUnscheduledpaymentofmigratedaccountsAndVerify" time="113.196" errors="0" timestamp="2025-10-09T14:37:50 IST" skipped="0">
  <testcase classname="Bank_TestCases.TC12_TestUnscheduledpaymentofmigratedaccountsAndVerify" name="runTestSuiteInOrder" time="113.196"/>
</testsuite> <!-- Bank_TestCases.TC12_TestUnscheduledpaymentofmigratedaccountsAndVerify -->
