<?xml version="1.0" encoding="UTF-8"?>
<!-- Generated by org.testng.reporters.JUnitReportReporter -->
<testsuite hostname="christina" failures="0" tests="1" name="Loan.LoanAccountOpening" time="103.686" errors="0" timestamp="2025-10-09T15:53:17 IST" skipped="0">
  <testcase classname="Loan.LoanAccountOpening" name="CreateLoan" time="103.686"/>
</testsuite> <!-- Loan.LoanAccountOpening -->
