<?xml version="1.0" encoding="UTF-8"?>
<!-- Generated by org.testng.reporters.JUnitReportReporter -->
<testsuite hostname="christina" failures="0" tests="1" name="TermDeposit.ModifyTermDepositBeforeVerification" time="58.468" errors="0" timestamp="2025-10-07T12:52:18 IST" skipped="0">
  <testcase classname="TermDeposit.ModifyTermDepositBeforeVerification" name="Verification" time="58.468"/>
</testsuite> <!-- TermDeposit.ModifyTermDepositBeforeVerification -->
