<?xml version="1.0" encoding="UTF-8"?>
<!-- Generated by org.testng.reporters.JUnitReportReporter -->
<testsuite hostname="christina" failures="0" tests="1" name="Loan.LoanModifyAfterVerification" time="27.571" errors="0" timestamp="2025-10-03T19:52:43 IST" skipped="0">
  <testcase classname="Loan.LoanModifyAfterVerification" name="CreateLoan" time="27.571"/>
</testsuite> <!-- Loan.LoanModifyAfterVerification -->
