<?xml version="1.0" encoding="UTF-8"?>
<!-- Generated by org.testng.reporters.JUnitReportReporter -->
<testsuite hostname="Priyaramasami-Personal-11255" failures="0" tests="1" name="FederalBank_TestCases.TC16_CloseTheguaranteeWhichIsAlreadyInvoked" time="89.640" errors="0" timestamp="2025-10-06T16:05:46 IST" skipped="0">
  <testcase classname="FederalBank_TestCases.TC16_CloseTheguaranteeWhichIsAlreadyInvoked" name="runTest" time="89.640"/>
</testsuite> <!-- FederalBank_TestCases.TC16_CloseTheguaranteeWhichIsAlreadyInvoked -->
