<?xml version="1.0" encoding="UTF-8"?>
<!-- Generated by org.testng.reporters.JUnitReportReporter -->
<testsuite hostname="Priyaramasami-Personal-11255" failures="0" tests="1" name="TestCases.TC02_AddTotalFreezeToTheSavingsAccountWithAmtOf1000AndUnfreezeTheAccount" time="236.886" errors="0" timestamp="2025-06-27T15:26:57 IST" skipped="0">
  <testcase classname="TestCases.TC02_AddTotalFreezeToTheSavingsAccountWithAmtOf1000AndUnfreezeTheAccount" name="runTest" time="236.886"/>
</testsuite> <!-- TestCases.TC02_AddTotalFreezeToTheSavingsAccountWithAmtOf1000AndUnfreezeTheAccount -->
