<?xml version="1.0" encoding="UTF-8"?>
<!-- Generated by org.testng.reporters.JUnitReportReporter -->
<testsuite hostname="Priyaramasami-Personal-11255" failures="0" tests="1" name="FederalBank_TestCases.TC15_Invokeguaranteeaftermarkingitforinvocation" time="80.564" errors="0" timestamp="2025-10-06T15:41:20 IST" skipped="0">
  <testcase classname="FederalBank_TestCases.TC15_Invokeguaranteeaftermarkingitforinvocation" name="runTest" time="80.564"/>
</testsuite> <!-- FederalBank_TestCases.TC15_Invokeguaranteeaftermarkingitforinvocation -->
