<?xml version="1.0" encoding="UTF-8"?>
<!-- Generated by org.testng.reporters.JUnitReportReporter -->
<testsuite hostname="Priyaramasami-Personal-11255" failures="0" tests="1" name="CASA.Cashdeposit" time="27.318" errors="0" timestamp="2025-06-09T14:39:17 IST" skipped="0">
  <testcase classname="CASA.Cashdeposit" name="addcashdeposit" time="27.318"/>
</testsuite> <!-- CASA.Cashdeposit -->
