<?xml version="1.0" encoding="UTF-8"?>
<!-- Generated by org.testng.reporters.JUnitReportReporter -->
<testsuite hostname="Priyaramasami-Personal-11255" failures="0" tests="1" name="FederalBank_TestCases.TC13_ModifyAnExistingGuarantee" time="163.386" errors="0" timestamp="2025-10-06T15:25:51 IST" skipped="0">
  <testcase classname="FederalBank_TestCases.TC13_ModifyAnExistingGuarantee" name="runTest" time="163.386"/>
</testsuite> <!-- FederalBank_TestCases.TC13_ModifyAnExistingGuarantee -->
