<?xml version="1.0" encoding="UTF-8"?>
<!-- Generated by org.testng.reporters.JUnitReportReporter -->
<testsuite hostname="Priyaramasami-Personal-11255" failures="0" tests="1" name="TestCases.TC01_Custom_PMSBY" time="124.928" errors="0" timestamp="2025-07-23T10:35:45 IST" skipped="0">
  <testcase classname="TestCases.TC01_Custom_PMSBY" name="runTest" time="124.928">
    <system-out>
      <![CDATA[Verify' passed
Modify' passed
InquireMV' passed
Delete' passed
Inquire' passed]]>
    </system-out>
  </testcase> <!-- runTest -->
  <system-out>
    <![CDATA[Verify' passed
Modify' passed
InquireMV' passed
Delete' passed
Inquire' passed
Test 'runTest' completed with status: PASS
✅ Final logout completed
✅ Browser session terminated]]>
  </system-out>
</testsuite> <!-- TestCases.TC01_Custom_PMSBY -->
