<?xml version="1.0" encoding="UTF-8"?>
<!-- Generated by org.testng.reporters.JUnitReportReporter -->
<testsuite hostname="Priyaramasami-Personal-11255" failures="0" tests="1" name="FederalBank_TestCases.TC02_IssuingdocumentaryCreditMaintenance" time="119.774" errors="0" timestamp="2025-10-10T10:49:35 IST" skipped="0">
  <testcase classname="FederalBank_TestCases.TC02_IssuingdocumentaryCreditMaintenance" name="runTest" time="119.774"/>
</testsuite> <!-- FederalBank_TestCases.TC02_IssuingdocumentaryCreditMaintenance -->
