<?xml version="1.0" encoding="UTF-8"?>
<!-- Generated by org.testng.reporters.JUnitReportReporter -->
<testsuite hostname="christina" failures="0" tests="1" name="TestCases1.TC05_CreateCurrentAccountAndVerify" time="242.731" errors="0" timestamp="2025-10-17T11:52:47 IST" skipped="0">
  <testcase classname="TestCases1.TC05_CreateCurrentAccountAndVerify" name="runTestSuiteInOrder" time="242.731"/>
</testsuite> <!-- TestCases1.TC05_CreateCurrentAccountAndVerify -->
