<?xml version="1.0" encoding="UTF-8"?>
<!-- Generated by org.testng.reporters.JUnitReportReporter -->
<testsuite hostname="christina" failures="0" tests="1" name="NegativeTestCase.PrintPasssheetforMigratedCASAaccounts" time="13.403" errors="0" timestamp="2025-10-14T14:59:28 IST" skipped="0">
  <testcase classname="NegativeTestCase.PrintPasssheetforMigratedCASAaccounts" name="CreateLoan" time="13.403"/>
</testsuite> <!-- NegativeTestCase.PrintPasssheetforMigratedCASAaccounts -->
