<?xml version="1.0" encoding="UTF-8"?>
<!-- Generated by org.testng.reporters.JUnitReportReporter -->
<testsuite hostname="christina" failures="0" tests="1" name="Positive.HACINT$AddTransaction" time="47.513" errors="0" timestamp="2025-10-19T09:34:17 IST" skipped="0">
  <testcase classname="Positive.HACINT$AddTransaction" name="Addfreeze" time="47.513"/>
</testsuite> <!-- Positive.HACINT$AddTransaction -->
