<?xml version="1.0" encoding="UTF-8"?>
<!-- Generated by org.testng.reporters.JUnitReportReporter -->
<testsuite hostname="christina" failures="0" tests="1" name="NegativeTestCase.Verifyunscheduledpaymentofmigratedaccounts" time="29.855" errors="0" timestamp="2025-10-09T14:37:50 IST" skipped="0">
  <testcase classname="NegativeTestCase.Verifyunscheduledpaymentofmigratedaccounts" name="CreateLoan" time="29.855"/>
</testsuite> <!-- NegativeTestCase.Verifyunscheduledpaymentofmigratedaccounts -->
