<?xml version="1.0" encoding="UTF-8"?>
<!-- Generated by org.testng.reporters.JUnitReportReporter -->
<testsuite hostname="christina" failures="0" tests="1" name="TermDeposit.OpeningTermDepositAccount" time="120.295" errors="0" timestamp="2025-10-17T14:35:40 IST" skipped="0">
  <testcase classname="TermDeposit.OpeningTermDepositAccount" name="createTDAccount" time="120.295"/>
</testsuite> <!-- TermDeposit.OpeningTermDepositAccount -->
