<?xml version="1.0" encoding="UTF-8"?>
<!-- Generated by org.testng.reporters.JUnitReportReporter -->
<testsuite hostname="christina" failures="0" tests="1" name="OD.ModifyOD" time="56.736" errors="0" timestamp="2025-10-06T11:28:12 IST" skipped="0">
  <testcase classname="OD.ModifyOD" name="CreateLoan" time="56.736"/>
</testsuite> <!-- OD.ModifyOD -->
