<?xml version="1.0" encoding="UTF-8"?>
<!-- Generated by org.testng.reporters.JUnitReportReporter -->
<testsuite hostname="christina" failures="0" tests="1" name="Positive.HICHBadd" time="44.214" errors="0" timestamp="2025-10-18T19:11:08 IST" skipped="0">
  <testcase classname="Positive.HICHBadd" name="Addfreeze" time="44.214"/>
</testsuite> <!-- Positive.HICHBadd -->
