<?xml version="1.0" encoding="UTF-8"?>
<!-- Generated by org.testng.reporters.JUnitReportReporter -->
<testsuite hostname="christina" failures="0" tests="1" name="NegativeTestCases.TC01_DoWithdrawalForDebitFreezeAccount" time="35.432" errors="0" timestamp="2025-10-16T17:41:24 IST" skipped="0">
  <testcase classname="NegativeTestCases.TC01_DoWithdrawalForDebitFreezeAccount" name="runTestSuiteInOrder" time="35.432"/>
</testsuite> <!-- NegativeTestCases.TC01_DoWithdrawalForDebitFreezeAccount -->
