<?xml version="1.0" encoding="UTF-8"?>
<!-- Generated by org.testng.reporters.JUnitReportReporter -->
<testsuite hostname="christina" failures="0" tests="1" name="TestCases.Report_DLYRPTTestCase" time="4.365" errors="0" timestamp="2025-09-12T10:45:39 IST" skipped="0">
  <testcase classname="TestCases.Report_DLYRPTTestCase" name="runDLYRPTFlow" time="4.365"/>
</testsuite> <!-- TestCases.Report_DLYRPTTestCase -->
