<?xml version="1.0" encoding="UTF-8"?>
<!-- Generated by org.testng.reporters.JUnitReportReporter -->
<testsuite hostname="christina" failures="0" tests="1" name="Reports.HPR" time="17.126" errors="0" timestamp="2025-10-01T10:02:46 IST" skipped="0">
  <testcase classname="Reports.HPR" name="runDLYRPT_HPR" time="17.126"/>
</testsuite> <!-- Reports.HPR -->
