<?xml version="1.0" encoding="UTF-8"?>
<!-- Generated by org.testng.reporters.JUnitReportReporter -->
<testsuite hostname="christina" failures="0" tests="1" name="TestCases.TC03_CreateCashCreditAccountAndVerify" time="268.282" errors="0" timestamp="2025-10-10T12:54:18 IST" skipped="0">
  <testcase classname="TestCases.TC03_CreateCashCreditAccountAndVerify" name="runTestSuiteInOrder" time="268.282"/>
</testsuite> <!-- TestCases.TC03_CreateCashCreditAccountAndVerify -->
