<?xml version="1.0" encoding="UTF-8"?>
<!-- Generated by org.testng.reporters.JUnitReportReporter -->
<testsuite hostname="christina" failures="0" tests="1" name="TestCases1.TC17_HICHBaddandCancel" time="138.174" errors="0" timestamp="2025-10-18T19:11:08 IST" skipped="0">
  <testcase classname="TestCases1.TC17_HICHBaddandCancel" name="runTestSuiteInOrder" time="138.174"/>
</testsuite> <!-- TestCases1.TC17_HICHBaddandCancel -->
