<?xml version="1.0" encoding="UTF-8"?>
<!-- Generated by org.testng.reporters.JUnitReportReporter -->
<testsuite hostname="christina" failures="0" tests="1" name="Positive.UndeleteHDDSM" time="49.100" errors="0" timestamp="2025-10-19T16:54:23 IST" skipped="0">
  <testcase classname="Positive.UndeleteHDDSM" name="Addfreeze" time="49.100"/>
</testsuite> <!-- Positive.UndeleteHDDSM -->
