<?xml version="1.0" encoding="UTF-8"?>
<!-- Generated by org.testng.reporters.JUnitReportReporter -->
<testsuite hostname="christina" failures="0" tests="1" name="TestCases1.TC09_CloseTermDeposit" time="91.012" errors="0" timestamp="2025-10-17T14:41:15 IST" skipped="0">
  <testcase classname="TestCases1.TC09_CloseTermDeposit" name="runTestSuiteInOrder" time="91.012"/>
</testsuite> <!-- TestCases1.TC09_CloseTermDeposit -->
