<?xml version="1.0" encoding="UTF-8"?>
<!-- Generated by org.testng.reporters.JUnitReportReporter -->
<testsuite hostname="christina" failures="0" tests="1" name="bhatinda.LoanAccountOpening" time="151.827" errors="0" timestamp="2025-10-16T17:23:05 IST" skipped="0">
  <testcase classname="bhatinda.LoanAccountOpening" name="CreateLoan" time="151.827"/>
</testsuite> <!-- bhatinda.LoanAccountOpening -->
