<?xml version="1.0" encoding="UTF-8"?>
<!-- Generated by org.testng.reporters.JUnitReportReporter -->
<testsuite hostname="christina" failures="0" tests="1" name="Positive.DoFundingForNewAccount" time="37.833" errors="0" timestamp="2025-10-17T12:33:02 IST" skipped="0">
  <testcase classname="Positive.DoFundingForNewAccount" name="FUNDING" time="37.833"/>
</testsuite> <!-- Positive.DoFundingForNewAccount -->
