<?xml version="1.0" encoding="UTF-8"?>
<!-- Generated by org.testng.reporters.JUnitReportReporter -->
<testsuite hostname="christina" failures="0" tests="1" name="Positive.CloseCurrentAccount" time="77.571" errors="0" timestamp="2025-10-17T12:46:39 IST" skipped="0">
  <testcase classname="Positive.CloseCurrentAccount" name="closing" time="77.571"/>
</testsuite> <!-- Positive.CloseCurrentAccount -->
